[2025-02-20T11:46:47.990Z] GET /click
[2025-02-20T11:48:24.920Z] GET /click
[2025-02-20T11:49:00.600Z] GET /click
[2025-02-20T11:55:58.597Z] GET /click
[2025-02-20T11:55:58.668Z] GET /click/main.css
[2025-02-20T11:56:05.310Z] GET /click/main.css
[2025-02-20T12:02:43.330Z] GET /click
[2025-02-20T12:02:43.365Z] GET /click/
[2025-02-20T12:02:43.423Z] GET /click/main.css
[2025-02-20T12:14:11.484Z] GET /click/
[2025-02-20T12:14:11.554Z] GET /click/main.css
[2025-02-20T12:14:11.567Z] GET /click/frontcards.js
[2025-02-20T12:14:16.721Z] GET /click/
[2025-02-20T12:14:16.777Z] GET /click/main.css
[2025-02-20T12:14:16.792Z] GET /click/frontcards.js
[2025-02-20T12:17:07.538Z] GET /click/
[2025-02-20T12:17:07.606Z] GET /click/main.css
[2025-02-20T12:17:07.621Z] GET /click/frontcards.js
[2025-02-20T12:21:24.782Z] GET /click/
[2025-02-20T12:21:24.848Z] GET /click/main.css
[2025-02-20T12:21:24.861Z] GET /click/frontcards.js
[2025-02-20T12:22:08.758Z] GET /click/
[2025-02-20T12:22:08.826Z] GET /click/main.css
[2025-02-20T12:22:08.842Z] GET /click/frontcards.js
[2025-02-20T12:22:56.045Z] GET /click/
[2025-02-20T12:22:56.107Z] GET /click/main.css
[2025-02-20T12:22:56.122Z] GET /click/frontcards.js
[2025-02-20T12:23:07.976Z] GET /click/
[2025-02-20T12:23:08.034Z] GET /click/main.css
[2025-02-20T12:23:08.048Z] GET /click/frontcards.js
[2025-02-20T12:25:36.782Z] GET /click/
[2025-02-20T12:25:36.842Z] GET /click/main.css
[2025-02-20T12:25:36.856Z] GET /click/frontcards.js
[2025-02-20T12:27:32.779Z] GET /click/
[2025-02-20T12:27:32.840Z] GET /click/main.css
[2025-02-20T12:27:32.853Z] GET /click/frontcards.js
[2025-02-20T12:30:43.874Z] GET /click/
[2025-02-20T12:30:43.929Z] GET /click/main.css
[2025-02-20T12:30:43.944Z] GET /click/frontcards.js
[2025-02-20T12:30:45.188Z] GET /click/api/cards/card
[2025-02-20T12:33:12.729Z] GET /click/
[2025-02-20T12:33:12.794Z] GET /click/main.css
[2025-02-20T12:33:12.808Z] GET /click/frontcards.js
[2025-02-20T12:33:14.059Z] GET /click/api/cards/card
[2025-02-20T12:33:19.285Z] GET /click/
[2025-02-20T12:33:19.338Z] GET /click/main.css
[2025-02-20T12:33:19.352Z] GET /click/frontcards.js
[2025-02-20T12:33:20.553Z] GET /click/api/cards/card
[2025-02-20T12:35:00.367Z] GET /click/
[2025-02-20T12:35:00.439Z] GET /click/main.css
[2025-02-20T12:35:00.453Z] GET /click/frontcards.js
[2025-02-20T12:35:01.674Z] GET /click/api/cards/card
